<?xml version="1.0" encoding="UTF-8"?>
<!-- Generated by org.testng.reporters.JUnitXMLReporter -->
<testsuite hostname="DESKTOP-4LQORMC" ignored="0" name="Surefire test" tests="1" failures="0" timestamp="2020-07-18T13:26:32 EDT" time="11.145" errors="0">
  <testcase name="@BeforeClass setup" time="10.57" classname="io.testscripts.TestBase">
    <failure type="java.lang.NullPointerException">
      <![CDATA[java.lang.NullPointerException
at io.pages.HomePage.Initialize(HomePage.java:34)
at io.testscripts.TestBase.setup(BaseTest.java:30)
at io.testscripts.GithubTest.setup(GithubTest.java:6)
at java.util.concurrent.ThreadPoolExecutor.runWorker(ThreadPoolExecutor.java:1149)
at java.util.concurrent.ThreadPoolExecutor$Worker.run(ThreadPoolExecutor.java:624)
at java.lang.Thread.run(Thread.java:748)
... Removed 10 stack frames]]>
    </failure>
  </testcase> <!-- @BeforeClass setup -->
  <testcase name="@AfterClass teardown" time="-1.595093192016E9" classname="io.testscripts.TestBase">
    <skipped/>
  </testcase> <!-- @AfterClass teardown -->
  <testcase name="verifyHD_Page" time="0.0" classname="io.testscripts.GithubTest">
    <skipped/>
  </testcase> <!-- verifyHD_Page -->
</testsuite> <!-- Surefire test -->
