<?xml version="1.0" encoding="UTF-8"?>
<!-- Generated by org.testng.reporters.JUnitXMLReporter -->
<testsuite hostname="DESKTOP-4LQORMC" ignored="1" name="Surefire test" tests="2" failures="0" timestamp="2020-07-18T20:33:52 EDT" time="37.407" errors="0">
  <testcase name="productSearch" time="7.654" classname="io.testscripts.HD_Search_Test"/>
  <testcase name="verifyHD_Page" time="0.172" classname="io.testscripts.HomeDepot_Test"/>
  <testcase name="@BeforeSuite setupSuite" time="0.0" classname="io.testscripts.BaseTest">
    <ignored/>
  </testcase> <!-- @BeforeSuite setupSuite -->
</testsuite> <!-- Surefire test -->
