<?xml version="1.0" encoding="UTF-8"?>
<testsuite xmlns:xsi="http://www.w3.org/2001/XMLSchema-instance" xsi:noNamespaceSchemaLocation="https://maven.apache.org/surefire/maven-surefire-plugin/xsd/surefire-test-report.xsd" name="TestSuite" time="44.169" tests="2" errors="0" skipped="0" failures="1">
  <properties>
[...]
</properties>
  <testcase name="productSearch" classname="io.testscripts.HD_Search_Test" time="3.475">
    <failure message="no such element: Unable to locate element: {&quot;method&quot;:&quot;css selector&quot;,&quot;selector&quot;:&quot;#products &gt; div &gt; div.js-pod.js-pod-8.plp-pod.plp-pod--default.pod-item--8 &gt; div &gt; div.plp-pod__image &gt; a &gt; img&quot;}&#10;  (Session info: chrome=84.0.4147.135)&#10;For documentation on this error, please visit: https://www.seleniumhq.org/exceptions/no_such_element.html&#10;Build info: version: &apos;4.0.0-alpha-2&apos;, revision: &apos;f148142cf8&apos;, time: &apos;2019-07-01T20:55:26&apos;&#10;System info: host: &apos;DESKTOP-4LQORMC&apos;, ip: &apos;192.168.0.238&apos;, os.name: &apos;Windows 10&apos;, os.arch: &apos;amd64&apos;, os.version: &apos;10.0&apos;, java.version: &apos;14.0.2&apos;&#10;Driver info: org.openqa.selenium.chrome.ChromeDriver&#10;Capabilities {acceptInsecureCerts: false, browserName: chrome, browserVersion: 84.0.4147.135, chrome: {chromedriverVersion: 84.0.4147.30 (48b3e868b4cc0..., userDataDir: C:\Users\marwa\AppData\Loca...}, goog:chromeOptions: {debuggerAddress: localhost:52842}, javascriptEnabled: true, networkConnectionEnabled: false, pageLoadStrategy: normal, platform: WINDOWS, platformName: WINDOWS, proxy: Proxy(), setWindowRect: true, strictFileInteractability: false, timeouts: {implicit: 0, pageLoad: 300000, script: 30000}, unhandledPromptBehavior: dismiss and notify, webauthn:virtualAuthenticators: true}&#10;Session ID: b61e86d3dea24fdd684d7be230279a54&#10;*** Element info: {Using=css selector, value=#products &gt; div &gt; div.js-pod.js-pod-8.plp-pod.plp-pod--default.pod-item--8 &gt; div &gt; div.plp-pod__image &gt; a &gt; img}" type="org.openqa.selenium.NoSuchElementException">org.openqa.selenium.NoSuchElementException: 
no such element: Unable to locate element: {"method":"css selector","selector":"#products > div > div.js-pod.js-pod-8.plp-pod.plp-pod--default.pod-item--8 > div > div.plp-pod__image > a > img"}
  (Session info: chrome=84.0.4147.135)
For documentation on this error, please visit: https://www.seleniumhq.org/exceptions/no_such_element.html
Build info: version: '4.0.0-alpha-2', revision: 'f148142cf8', time: '2019-07-01T20:55:26'
System info: host: 'DESKTOP-4LQORMC', ip: '192.168.0.238', os.name: 'Windows 10', os.arch: 'amd64', os.version: '10.0', java.version: '14.0.2'
Driver info: org.openqa.selenium.chrome.ChromeDriver
Capabilities {acceptInsecureCerts: false, browserName: chrome, browserVersion: 84.0.4147.135, chrome: {chromedriverVersion: 84.0.4147.30 (48b3e868b4cc0..., userDataDir: C:\Users\marwa\AppData\Loca...}, goog:chromeOptions: {debuggerAddress: localhost:52842}, javascriptEnabled: true, networkConnectionEnabled: false, pageLoadStrategy: normal, platform: WINDOWS, platformName: WINDOWS, proxy: Proxy(), setWindowRect: true, strictFileInteractability: false, timeouts: {implicit: 0, pageLoad: 300000, script: 30000}, unhandledPromptBehavior: dismiss and notify, webauthn:virtualAuthenticators: true}
Session ID: b61e86d3dea24fdd684d7be230279a54
*** Element info: {Using=css selector, value=#products > div > div.js-pod.js-pod-8.plp-pod.plp-pod--default.pod-item--8 > div > div.plp-pod__image > a > img}
	at io.testscripts.HD_Search_Test.productSearch(HD_Search_Test.java:15)
</failure>
    <system-out><![CDATA[12:57:10.023 [main] DEBUG io.github.bonigarcia.wdm.Preferences - Preference chrome=84 (valid until 2020-08-19 19:07:06)
12:57:10.036 [main] DEBUG io.github.bonigarcia.wdm.Preferences - Preference chrome84=84.0.4147.30 (valid until 2020-08-19 19:07:07)
12:57:10.036 [main] INFO  io.github.bonigarcia.wdm.WebDriverManager - Using chromedriver 84.0.4147.30 (since Google Chrome 84 is installed in your machine)
12:57:10.088 [main] DEBUG io.github.bonigarcia.wdm.WebDriverManager - Driver chromedriver 84.0.4147.30 found in cache
12:57:10.100 [main] INFO  io.github.bonigarcia.wdm.WebDriverManager - Exporting webdriver.chrome.driver as C:\Users\marwa\.m2\repository\webdriver\chromedriver\win32\84.0.4147.30\chromedriver.exe
]]></system-out>
    <system-err><![CDATA[Starting ChromeDriver 84.0.4147.30 (48b3e868b4cc0aa7e8149519690b6f6949e110a8-refs/branch-heads/4147@{#310}) on port 44612
Only local connections are allowed.
Please see https://chromedriver.chromium.org/security-considerations for suggestions on keeping ChromeDriver safe.
ChromeDriver was started successfully.
Aug 19, 2020 12:57:15 PM org.openqa.selenium.remote.ProtocolHandshake createSession
INFO: Detected dialect: W3C
]]></system-err>
  </testcase>
  <testcase name="verifyHD_Page" classname="io.testscripts.HomeDepot_Test" time="0.095"/>
</testsuite>