<?xml version="1.0" encoding="UTF-8"?>
<testng-results skipped="0" failed="1" ignored="0" total="1" passed="0">
  <reporter-output>
  </reporter-output>
  <suite name="Surefire suite" duration-ms="14697" started-at="2020-07-18T14:00:25 EDT" finished-at="2020-07-18T14:00:40 EDT">
    <groups>
    </groups>
    <test name="Surefire test" duration-ms="14697" started-at="2020-07-18T14:00:25 EDT" finished-at="2020-07-18T14:00:40 EDT">
      <class name="io.testscripts.HomeDepot_Test">
        <test-method status="PASS" signature="setupSuite()[pri:0, instance:io.testscripts.HomeDepot_Test@79ab3a71]" name="setupSuite" is-config="true" duration-ms="1139" started-at="2020-07-18T14:00:24 EDT" finished-at="2020-07-18T14:00:25 EDT">
          <reporter-output>
          </reporter-output>
        </test-method> <!-- setupSuite -->
        <test-method status="PASS" signature="setup()[pri:0, instance:io.testscripts.HomeDepot_Test@79ab3a71]" name="setup" is-config="true" duration-ms="12377" started-at="2020-07-18T14:00:25 EDT" finished-at="2020-07-18T14:00:37 EDT">
          <reporter-output>
          </reporter-output>
        </test-method> <!-- setup -->
        <test-method status="FAIL" signature="verifyHD_Page()[pri:0, instance:io.testscripts.HomeDepot_Test@79ab3a71]" name="verifyHD_Page" duration-ms="455" started-at="2020-07-18T14:00:37 EDT" finished-at="2020-07-18T14:00:38 EDT">
          <exception class="java.lang.Error">
            <message>
              <![CDATA[Unresolved compilation problem: 
The method validateMyAccount() is undefined for the type HomePage
]]>
            </message>
            <full-stacktrace>
              <![CDATA[java.lang.Error: Unresolved compilation problem: 
The method validateMyAccount() is undefined for the type HomePage

at io.testscripts.HomeDepot_Test.verifyHD_Page(HomeDepot_Test.java:11)
at sun.reflect.NativeMethodAccessorImpl.invoke0(Native Method)
at sun.reflect.NativeMethodAccessorImpl.invoke(NativeMethodAccessorImpl.java:62)
at sun.reflect.DelegatingMethodAccessorImpl.invoke(DelegatingMethodAccessorImpl.java:43)
at java.lang.reflect.Method.invoke(Method.java:498)
at org.testng.internal.MethodInvocationHelper.invokeMethod(MethodInvocationHelper.java:133)
at org.testng.internal.TestInvoker.invokeMethod(TestInvoker.java:584)
at org.testng.internal.TestInvoker.invokeTestMethod(TestInvoker.java:172)
at org.testng.internal.MethodRunner.runInSequence(MethodRunner.java:46)
at org.testng.internal.TestInvoker$MethodInvocationAgent.invoke(TestInvoker.java:804)
at org.testng.internal.TestInvoker.invokeTestMethods(TestInvoker.java:145)
at org.testng.internal.TestMethodWorker.invokeTestMethods(TestMethodWorker.java:146)
at org.testng.internal.TestMethodWorker.run(TestMethodWorker.java:128)
at java.util.concurrent.ThreadPoolExecutor.runWorker(ThreadPoolExecutor.java:1149)
at java.util.concurrent.ThreadPoolExecutor$Worker.run(ThreadPoolExecutor.java:624)
at java.lang.Thread.run(Thread.java:748)
]]>
            </full-stacktrace>
          </exception> <!-- java.lang.Error -->
          <reporter-output>
          </reporter-output>
        </test-method> <!-- verifyHD_Page -->
        <test-method status="PASS" signature="teardown()[pri:0, instance:io.testscripts.HomeDepot_Test@79ab3a71]" name="teardown" is-config="true" duration-ms="1309" started-at="2020-07-18T14:00:38 EDT" finished-at="2020-07-18T14:00:40 EDT">
          <reporter-output>
          </reporter-output>
        </test-method> <!-- teardown -->
      </class> <!-- io.testscripts.HomeDepot_Test -->
    </test> <!-- Surefire test -->
  </suite> <!-- Surefire suite -->
</testng-results>
